# JRE version: OpenJDK Runtime Environment (15.0.1+9) (build 15.0.1+9-18)
# Java VM: OpenJDK 64-Bit Server VM (15.0.1+9-18, mixed mode, tiered, compressed oops, g1 gc, windows-amd64)
GC Precious Log:
 CPUs: 4 total, 4 available
 Memory: 8107M
 Large Page Support: Disabled
 NUMA Support: Disabled
 Compressed Oops: Enabled (32-bit)
 Heap Region Size: 1M
 Heap Min Capacity: 8M
 Heap Initial Capacity: 128M
 Heap Max Capacity: 2028M
 Pre-touch: Disabled
 Parallel Workers: 4
 Concurrent Workers: 1
 Concurrent Refinement Workers: 4
 Periodic GC: Disabled
Heap:
 garbage-first heap   total 76800K, used 40524K [0x0000000081400000, 0x0000000100000000)
  region size 1024K, 4 young (4096K), 2 survivors (2048K)
 Metaspace       used 70444K, capacity 71375K, committed 71636K, reserved 1112064K
  class space    used 8483K, capacity 8668K, committed 8704K, reserved 1048576K
GC Heap History (20 events):
Event: 71.631 GC heap before
{Heap before GC invocations=27 (full 0):
 garbage-first heap   total 76800K, used 38808K [0x0000000081400000, 0x0000000100000000)
  region size 1024K, 4 young (4096K), 3 survivors (3072K)
 Metaspace       used 65586K, capacity 66149K, committed 66260K, reserved 1107968K
  class space    used 8001K, capacity 8182K, committed 8192K, reserved 1048576K
}
Event: 71.650 GC heap after
{Heap after GC invocations=28 (full 0):
 garbage-first heap   total 76800K, used 35284K [0x0000000081400000, 0x0000000100000000)
  region size 1024K, 1 young (1024K), 1 survivors (1024K)
 Metaspace       used 65586K, capacity 66149K, committed 66260K, reserved 1107968K
  class space    used 8001K, capacity 8182K, committed 8192K, reserved 1048576K
}
Event: 77.336 GC heap before
{Heap before GC invocations=28 (full 0):
 garbage-first heap   total 76800K, used 59860K [0x0000000081400000, 0x0000000100000000)
  region size 1024K, 26 young (26624K), 1 survivors (1024K)
 Metaspace       used 69129K, capacity 69696K, committed 69972K, reserved 1112064K
  class space    used 8347K, capacity 8508K, committed 8576K, reserved 1048576K
}
Event: 77.344 GC heap after
{Heap after GC invocations=29 (full 0):
 garbage-first heap   total 76800K, used 36922K [0x0000000081400000, 0x0000000100000000)
  region size 1024K, 3 young (3072K), 3 survivors (3072K)
 Metaspace       used 69129K, capacity 69696K, committed 69972K, reserved 1112064K
  class space    used 8347K, capacity 8508K, committed 8576K, reserved 1048576K
}
Event: 78.228 GC heap before
{Heap before GC invocations=30 (full 0):
 garbage-first heap   total 76800K, used 60474K [0x0000000081400000, 0x0000000100000000)
  region size 1024K, 27 young (27648K), 3 survivors (3072K)
 Metaspace       used 69371K, capacity 70004K, committed 70228K, reserved 1112064K
  class space    used 8375K, capacity 8544K, committed 8576K, reserved 1048576K
}
Event: 78.234 GC heap after
{Heap after GC invocations=31 (full 0):
 garbage-first heap   total 76800K, used 37973K [0x0000000081400000, 0x0000000100000000)
  region size 1024K, 3 young (3072K), 3 survivors (3072K)
 Metaspace       used 69371K, capacity 70004K, committed 70228K, reserved 1112064K
  class space    used 8375K, capacity 8544K, committed 8576K, reserved 1048576K
}
Event: 79.038 GC heap before
{Heap before GC invocations=31 (full 0):
 garbage-first heap   total 76800K, used 60501K [0x0000000081400000, 0x0000000100000000)
  region size 1024K, 26 young (26624K), 3 survivors (3072K)
 Metaspace       used 69505K, capacity 70216K, committed 70484K, reserved 1112064K
  class space    used 8386K, capacity 8548K, committed 8576K, reserved 1048576K
}
Event: 79.044 GC heap after
{Heap after GC invocations=32 (full 0):
 garbage-first heap   total 76800K, used 38410K [0x0000000081400000, 0x0000000100000000)
  region size 1024K, 2 young (2048K), 2 survivors (2048K)
 Metaspace       used 69505K, capacity 70216K, committed 70484K, reserved 1112064K
  class space    used 8386K, capacity 8548K, committed 8576K, reserved 1048576K
}
Event: 96.176 GC heap before
{Heap before GC invocations=33 (full 0):
 garbage-first heap   total 76800K, used 60938K [0x0000000081400000, 0x0000000100000000)
  region size 1024K, 25 young (25600K), 2 survivors (2048K)
 Metaspace       used 70068K, capacity 70759K, committed 70868K, reserved 1112064K
  class space    used 8451K, capacity 8618K, committed 8704K, reserved 1048576K
}
Event: 96.182 GC heap after
{Heap after GC invocations=34 (full 0):
 garbage-first heap   total 76800K, used 39913K [0x0000000081400000, 0x0000000100000000)
  region size 1024K, 3 young (3072K), 3 survivors (3072K)
 Metaspace       used 70068K, capacity 70759K, committed 70868K, reserved 1112064K
  class space    used 8451K, capacity 8618K, committed 8704K, reserved 1048576K
}
Event: 104.037 GC heap before
{Heap before GC invocations=34 (full 0):
 garbage-first heap   total 76800K, used 61417K [0x0000000081400000, 0x0000000100000000)
  region size 1024K, 25 young (25600K), 3 survivors (3072K)
 Metaspace       used 70118K, capacity 70835K, committed 71124K, reserved 1112064K
  class space    used 8452K, capacity 8621K, committed 8704K, reserved 1048576K
}
Event: 104.044 GC heap after
{Heap after GC invocations=35 (full 0):
 garbage-first heap   total 76800K, used 39487K [0x0000000081400000, 0x0000000100000000)
  region size 1024K, 2 young (2048K), 2 survivors (2048K)
 Metaspace       used 70118K, capacity 70835K, committed 71124K, reserved 1112064K
  class space    used 8452K, capacity 8621K, committed 8704K, reserved 1048576K
}
Event: 108.729 GC heap before
{Heap before GC invocations=36 (full 0):
 garbage-first heap   total 76800K, used 62015K [0x0000000081400000, 0x0000000100000000)
  region size 1024K, 25 young (25600K), 2 survivors (2048K)
 Metaspace       used 70154K, capacity 70975K, committed 71124K, reserved 1112064K
  class space    used 8454K, capacity 8625K, committed 8704K, reserved 1048576K
}
Event: 108.733 GC heap after
{Heap after GC invocations=37 (full 0):
 garbage-first heap   total 76800K, used 39067K [0x0000000081400000, 0x0000000100000000)
  region size 1024K, 2 young (2048K), 2 survivors (2048K)
 Metaspace       used 70154K, capacity 70975K, committed 71124K, reserved 1112064K
  class space    used 8454K, capacity 8625K, committed 8704K, reserved 1048576K
}
Event: 150.598 GC heap before
{Heap before GC invocations=37 (full 0):
 garbage-first heap   total 76800K, used 61595K [0x0000000081400000, 0x0000000100000000)
  region size 1024K, 25 young (25600K), 2 survivors (2048K)
 Metaspace       used 70253K, capacity 71112K, committed 71380K, reserved 1112064K
  class space    used 8464K, capacity 8628K, committed 8704K, reserved 1048576K
}
Event: 150.601 GC heap after
{Heap after GC invocations=38 (full 0):
 garbage-first heap   total 76800K, used 39440K [0x0000000081400000, 0x0000000100000000)
  region size 1024K, 2 young (2048K), 2 survivors (2048K)
 Metaspace       used 70253K, capacity 71112K, committed 71380K, reserved 1112064K
  class space    used 8464K, capacity 8628K, committed 8704K, reserved 1048576K
}
Event: 165.218 GC heap before
{Heap before GC invocations=39 (full 0):
 garbage-first heap   total 76800K, used 62992K [0x0000000081400000, 0x0000000100000000)
  region size 1024K, 26 young (26624K), 2 survivors (2048K)
 Metaspace       used 70262K, capacity 71124K, committed 71380K, reserved 1112064K
  class space    used 8466K, capacity 8631K, committed 8704K, reserved 1048576K
}
Event: 165.221 GC heap after
{Heap after GC invocations=40 (full 0):
 garbage-first heap   total 76800K, used 39547K [0x0000000081400000, 0x0000000100000000)
  region size 1024K, 2 young (2048K), 2 survivors (2048K)
 Metaspace       used 70262K, capacity 71124K, committed 71380K, reserved 1112064K
  class space    used 8466K, capacity 8631K, committed 8704K, reserved 1048576K
}
Event: 185.930 GC heap before
{Heap before GC invocations=40 (full 0):
 garbage-first heap   total 76800K, used 64123K [0x0000000081400000, 0x0000000100000000)
  region size 1024K, 26 young (26624K), 2 survivors (2048K)
 Metaspace       used 70279K, capacity 71145K, committed 71380K, reserved 1112064K
  class space    used 8468K, capacity 8635K, committed 8704K, reserved 1048576K
}
Event: 185.932 GC heap after
{Heap after GC invocations=41 (full 0):
 garbage-first heap   total 76800K, used 39500K [0x0000000081400000, 0x0000000100000000)
  region size 1024K, 2 young (2048K), 2 survivors (2048K)
 Metaspace       used 70279K, capacity 71145K, committed 71380K, reserved 1112064K
  class space    used 8468K, capacity 8635K, committed 8704K, reserved 1048576K
}

